c:\users\sim00n\documents\visual studio 2015\projects\g1mp\launcher\debug\vc140.pdb
c:\users\sim00n\documents\visual studio 2015\projects\g1mp\launcher\debug\vc140.idb
c:\users\sim00n\documents\visual studio 2015\projects\g1mp\launcher\debug\main.obj
c:\users\sim00n\documents\visual studio 2015\projects\g1mp\launcher\debug\system.windows.obj
c:\users\sim00n\documents\visual studio 2015\projects\g1mp\launcher\debug\debug.obj
c:\users\sim00n\documents\visual studio 2015\projects\risenmp\launcher\debug\vc140.pdb
c:\users\sim00n\documents\visual studio 2015\projects\risenmp\launcher\debug\vc140.idb
c:\users\sim00n\documents\visual studio 2015\projects\risenmp\launcher\debug\debug.obj
c:\users\sim00n\documents\visual studio 2015\projects\risenmp\launcher\debug\system.windows.obj
c:\users\sim00n\documents\visual studio 2015\projects\risenmp\launcher\debug\main.obj
c:\users\sim00n\documents\visual studio 2015\projects\g1mp\debug\launcher.ilk
c:\users\sim00n\documents\visual studio 2015\projects\g1mp\debug\launcher.exe
c:\users\sim00n\documents\visual studio 2015\projects\g1mp\debug\launcher.pdb
c:\users\sim00n\documents\visual studio 2015\projects\risenmp\debug\launcher.ilk
c:\users\sim00n\documents\visual studio 2015\projects\risenmp\debug\launcher.exe
c:\users\sim00n\documents\visual studio 2015\projects\risenmp\debug\launcher.pdb
c:\users\sim00n\documents\visual studio 2015\projects\risenmp\launcher\debug\launcher.tlog\cl.command.1.tlog
c:\users\sim00n\documents\visual studio 2015\projects\risenmp\launcher\debug\launcher.tlog\cl.read.1.tlog
c:\users\sim00n\documents\visual studio 2015\projects\risenmp\launcher\debug\launcher.tlog\cl.write.1.tlog
c:\users\sim00n\documents\visual studio 2015\projects\risenmp\launcher\debug\launcher.tlog\link.command.1.tlog
c:\users\sim00n\documents\visual studio 2015\projects\risenmp\launcher\debug\launcher.tlog\link.read.1.tlog
c:\users\sim00n\documents\visual studio 2015\projects\risenmp\launcher\debug\launcher.tlog\link.write.1.tlog
